2018-08-22 16:08:37.222  INFO 8172 --- [restartedMain] com.tanyang.twitter.TwitterApplication   : Starting TwitterApplication on TanYang-PC with PID 8172 (E:\project\Twitter\twitter\target\classes started by tanyang in E:\project\Twitter\twitter)
2018-08-22 16:08:37.223  INFO 8172 --- [restartedMain] com.tanyang.twitter.TwitterApplication   : No active profile set, falling back to default profiles: default
2018-08-22 16:08:37.469  INFO 8172 --- [restartedMain] ationConfigEmbeddedWebApplicationContext : Refreshing org.springframework.boot.context.embedded.AnnotationConfigEmbeddedWebApplicationContext@5cf01edd: startup date [Wed Aug 22 16:08:37 CST 2018]; root of context hierarchy
2018-08-22 16:08:38.681  INFO 8172 --- [restartedMain] s.b.c.e.t.TomcatEmbeddedServletContainer : Tomcat initialized with port(s): 8080 (http)
2018-08-22 16:08:38.688  INFO 8172 --- [restartedMain] o.apache.catalina.core.StandardService   : Starting service [Tomcat]
2018-08-22 16:08:38.688  INFO 8172 --- [restartedMain] org.apache.catalina.core.StandardEngine  : Starting Servlet Engine: Apache Tomcat/8.5.23
2018-08-22 16:08:38.757  INFO 8172 --- [localhost-startStop-1] o.a.c.c.C.[Tomcat].[localhost].[/]       : Initializing Spring embedded WebApplicationContext
2018-08-22 16:08:38.757  INFO 8172 --- [localhost-startStop-1] o.s.web.context.ContextLoader            : Root WebApplicationContext: initialization completed in 1291 ms
2018-08-22 16:08:38.852  INFO 8172 --- [localhost-startStop-1] o.s.b.w.servlet.ServletRegistrationBean  : Mapping servlet: 'dispatcherServlet' to [/]
2018-08-22 16:08:38.855  INFO 8172 --- [localhost-startStop-1] o.s.b.w.servlet.FilterRegistrationBean   : Mapping filter: 'characterEncodingFilter' to: [/*]
2018-08-22 16:08:38.856  INFO 8172 --- [localhost-startStop-1] o.s.b.w.servlet.FilterRegistrationBean   : Mapping filter: 'hiddenHttpMethodFilter' to: [/*]
2018-08-22 16:08:38.856  INFO 8172 --- [localhost-startStop-1] o.s.b.w.servlet.FilterRegistrationBean   : Mapping filter: 'httpPutFormContentFilter' to: [/*]
2018-08-22 16:08:38.856  INFO 8172 --- [localhost-startStop-1] o.s.b.w.servlet.FilterRegistrationBean   : Mapping filter: 'requestContextFilter' to: [/*]
2018-08-22 16:08:39.242  INFO 8172 --- [restartedMain] j.LocalContainerEntityManagerFactoryBean : Building JPA container EntityManagerFactory for persistence unit 'default'
2018-08-22 16:08:39.251  INFO 8172 --- [restartedMain] o.hibernate.jpa.internal.util.LogHelper  : HHH000204: Processing PersistenceUnitInfo [
	name: default
	...]
2018-08-22 16:08:39.306  INFO 8172 --- [restartedMain] org.hibernate.Version                    : HHH000412: Hibernate Core {5.0.12.Final}
2018-08-22 16:08:39.306  INFO 8172 --- [restartedMain] org.hibernate.cfg.Environment            : HHH000206: hibernate.properties not found
2018-08-22 16:08:39.307  INFO 8172 --- [restartedMain] org.hibernate.cfg.Environment            : HHH000021: Bytecode provider name : javassist
2018-08-22 16:08:39.333  INFO 8172 --- [restartedMain] o.hibernate.annotations.common.Version   : HCANN000001: Hibernate Commons Annotations {5.0.1.Final}
2018-08-22 16:08:39.401  INFO 8172 --- [restartedMain] org.hibernate.dialect.Dialect            : HHH000400: Using dialect: org.hibernate.dialect.MySQL5Dialect
2018-08-22 16:08:39.754  INFO 8172 --- [restartedMain] org.hibernate.tool.hbm2ddl.SchemaUpdate  : HHH000228: Running hbm2ddl schema update
2018-08-22 16:08:41.030  INFO 8172 --- [restartedMain] j.LocalContainerEntityManagerFactoryBean : Initialized JPA EntityManagerFactory for persistence unit 'default'
2018-08-22 16:08:41.484  INFO 8172 --- [restartedMain] s.w.s.m.m.a.RequestMappingHandlerAdapter : Looking for @ControllerAdvice: org.springframework.boot.context.embedded.AnnotationConfigEmbeddedWebApplicationContext@5cf01edd: startup date [Wed Aug 22 16:08:37 CST 2018]; root of context hierarchy
2018-08-22 16:08:41.529  INFO 8172 --- [restartedMain] s.w.s.m.m.a.RequestMappingHandlerMapping : Mapped "{[/toattented]}" onto public java.lang.String com.tanyang.twitter.control.AttentionControl.getAttentByUserId(org.springframework.ui.Model,javax.servlet.http.HttpSession)
2018-08-22 16:08:41.530  INFO 8172 --- [restartedMain] s.w.s.m.m.a.RequestMappingHandlerMapping : Mapped "{[/getAttented]}" onto public java.lang.String com.tanyang.twitter.control.AttentionControl.getAttentPageByUserId(int,javax.servlet.http.HttpSession)
2018-08-22 16:08:41.531  INFO 8172 --- [restartedMain] s.w.s.m.m.a.RequestMappingHandlerMapping : Mapped "{[/addattented]}" onto public boolean com.tanyang.twitter.control.AttentionControl.addAttented(java.lang.String,javax.servlet.http.HttpSession)
2018-08-22 16:08:41.531  INFO 8172 --- [restartedMain] s.w.s.m.m.a.RequestMappingHandlerMapping : Mapped "{[/deleteattented]}" onto public boolean com.tanyang.twitter.control.AttentionControl.deleteByAttented(java.lang.String)
2018-08-22 16:08:41.531  INFO 8172 --- [restartedMain] s.w.s.m.m.a.RequestMappingHandlerMapping : Mapped "{[/getComment]}" onto public java.util.List<com.tanyang.twitter.pojo.Comment> com.tanyang.twitter.control.CommentControl.getCommentByTwitterId(java.lang.String,org.springframework.ui.Model)
2018-08-22 16:08:41.531  INFO 8172 --- [restartedMain] s.w.s.m.m.a.RequestMappingHandlerMapping : Mapped "{[/addComment]}" onto public boolean com.tanyang.twitter.control.CommentControl.addComment(java.lang.String,java.lang.String,java.lang.String,javax.servlet.http.HttpSession)
2018-08-22 16:08:41.532  INFO 8172 --- [restartedMain] s.w.s.m.m.a.RequestMappingHandlerMapping : Mapped "{[/tomymessage]}" onto public java.lang.String com.tanyang.twitter.control.MessageControl.toMyMessage(org.springframework.ui.Model,javax.servlet.http.HttpSession)
2018-08-22 16:08:41.532  INFO 8172 --- [restartedMain] s.w.s.m.m.a.RequestMappingHandlerMapping : Mapped "{[/getunread]}" onto public int com.tanyang.twitter.control.MessageControl.getUnread(javax.servlet.http.HttpSession)
2018-08-22 16:08:41.532  INFO 8172 --- [restartedMain] s.w.s.m.m.a.RequestMappingHandlerMapping : Mapped "{[/getMyMessage]}" onto public java.lang.String com.tanyang.twitter.control.MessageControl.getMyMessage(int,javax.servlet.http.HttpSession)
2018-08-22 16:08:41.533  INFO 8172 --- [restartedMain] s.w.s.m.m.a.RequestMappingHandlerMapping : Mapped "{[/deletePraise]}" onto public boolean com.tanyang.twitter.control.PraiseControl.deletePraise(java.lang.String,javax.servlet.http.HttpSession)
2018-08-22 16:08:41.533  INFO 8172 --- [restartedMain] s.w.s.m.m.a.RequestMappingHandlerMapping : Mapped "{[/addPraise]}" onto public boolean com.tanyang.twitter.control.PraiseControl.addPraise(java.lang.String,javax.servlet.http.HttpSession)
2018-08-22 16:08:41.533  INFO 8172 --- [restartedMain] s.w.s.m.m.a.RequestMappingHandlerMapping : Mapped "{[/isPraise]}" onto public boolean com.tanyang.twitter.control.PraiseControl.isPraise(java.lang.String,javax.servlet.http.HttpSession)
2018-08-22 16:08:41.535  INFO 8172 --- [restartedMain] s.w.s.m.m.a.RequestMappingHandlerMapping : Mapped "{[/tomain]}" onto public java.lang.String com.tanyang.twitter.control.TwitterControl.getAttentionTwitter(org.springframework.ui.Model,javax.servlet.http.HttpSession)
2018-08-22 16:08:41.535  INFO 8172 --- [restartedMain] s.w.s.m.m.a.RequestMappingHandlerMapping : Mapped "{[/getMyTwitter]}" onto public java.lang.String com.tanyang.twitter.control.TwitterControl.getTwitterInMyTwitter(int,javax.servlet.http.HttpSession)
2018-08-22 16:08:41.535  INFO 8172 --- [restartedMain] s.w.s.m.m.a.RequestMappingHandlerMapping : Mapped "{[/todeliverytwitter]}" onto public java.lang.String com.tanyang.twitter.control.TwitterControl.todeliverytwitter()
2018-08-22 16:08:41.535  INFO 8172 --- [restartedMain] s.w.s.m.m.a.RequestMappingHandlerMapping : Mapped "{[/convertBase64]}" onto public java.lang.String com.tanyang.twitter.control.TwitterControl.convertBase64Encoder(org.springframework.web.multipart.MultipartFile)
2018-08-22 16:08:41.535  INFO 8172 --- [restartedMain] s.w.s.m.m.a.RequestMappingHandlerMapping : Mapped "{[/getPariseTwitterById]}" onto public java.lang.String com.tanyang.twitter.control.TwitterControl.getPariseTwitterById(java.lang.String,javax.servlet.http.HttpSession)
2018-08-22 16:08:41.535  INFO 8172 --- [restartedMain] s.w.s.m.m.a.RequestMappingHandlerMapping : Mapped "{[/getMainTwitter]}" onto public java.lang.String com.tanyang.twitter.control.TwitterControl.getTwitterInMain(java.lang.Integer,javax.servlet.http.HttpSession)
2018-08-22 16:08:41.535  INFO 8172 --- [restartedMain] s.w.s.m.m.a.RequestMappingHandlerMapping : Mapped "{[/tomytwitter]}" onto public java.lang.String com.tanyang.twitter.control.TwitterControl.toMyTwitter(org.springframework.ui.Model,javax.servlet.http.HttpSession)
2018-08-22 16:08:41.536  INFO 8172 --- [restartedMain] s.w.s.m.m.a.RequestMappingHandlerMapping : Mapped "{[/deliverytwitter]}" onto public boolean com.tanyang.twitter.control.TwitterControl.deliverytwitter(java.lang.String,java.lang.String,java.util.List<java.lang.String>,javax.servlet.http.HttpSession)
2018-08-22 16:08:41.536  INFO 8172 --- [restartedMain] s.w.s.m.m.a.RequestMappingHandlerMapping : Mapped "{[/getOthersTwitter]}" onto public java.lang.String com.tanyang.twitter.control.TwitterControl.getOthersTwitter(java.lang.String,int,javax.servlet.http.HttpSession)
2018-08-22 16:08:41.537  INFO 8172 --- [restartedMain] s.w.s.m.m.a.RequestMappingHandlerMapping : Mapped "{[/register]}" onto public boolean com.tanyang.twitter.control.UserControl.register(java.lang.String,java.lang.String,java.lang.String,java.lang.String,java.lang.String,java.lang.String,java.sql.Date)
2018-08-22 16:08:41.537  INFO 8172 --- [restartedMain] s.w.s.m.m.a.RequestMappingHandlerMapping : Mapped "{[/setImage]}" onto public boolean com.tanyang.twitter.control.UserControl.setImage(org.springframework.web.multipart.MultipartFile,javax.servlet.http.HttpSession)
2018-08-22 16:08:41.537  INFO 8172 --- [restartedMain] s.w.s.m.m.a.RequestMappingHandlerMapping : Mapped "{[/login]}" onto public boolean com.tanyang.twitter.control.UserControl.login(java.lang.String,java.lang.String,javax.servlet.http.HttpSession)
2018-08-22 16:08:41.538  INFO 8172 --- [restartedMain] s.w.s.m.m.a.RequestMappingHandlerMapping : Mapped "{[/vertify]}" onto public java.lang.String com.tanyang.twitter.control.UserControl.vertify(java.lang.String)
2018-08-22 16:08:41.538  INFO 8172 --- [restartedMain] s.w.s.m.m.a.RequestMappingHandlerMapping : Mapped "{[/tosearched]}" onto public java.lang.String com.tanyang.twitter.control.UserControl.searchuser(java.lang.String,org.springframework.ui.Model,javax.servlet.http.HttpSession)
2018-08-22 16:08:41.538  INFO 8172 --- [restartedMain] s.w.s.m.m.a.RequestMappingHandlerMapping : Mapped "{[/toregister]}" onto public java.lang.String com.tanyang.twitter.control.UserControl.toregister()
2018-08-22 16:08:41.538  INFO 8172 --- [restartedMain] s.w.s.m.m.a.RequestMappingHandlerMapping : Mapped "{[/getSearched]}" onto public java.lang.String com.tanyang.twitter.control.UserControl.searchuserPage(java.lang.String,int,org.springframework.ui.Model,javax.servlet.http.HttpSession)
2018-08-22 16:08:41.538  INFO 8172 --- [restartedMain] s.w.s.m.m.a.RequestMappingHandlerMapping : Mapped "{[/tologin]}" onto public java.lang.String com.tanyang.twitter.control.UserControl.tologin()
2018-08-22 16:08:41.538  INFO 8172 --- [restartedMain] s.w.s.m.m.a.RequestMappingHandlerMapping : Mapped "{[/tootherspage]}" onto public java.lang.String com.tanyang.twitter.control.UserControl.otherspage(java.lang.String,org.springframework.ui.Model,javax.servlet.http.HttpSession)
2018-08-22 16:08:41.538  INFO 8172 --- [restartedMain] s.w.s.m.m.a.RequestMappingHandlerMapping : Mapped "{[/logout]}" onto public java.lang.String com.tanyang.twitter.control.UserControl.logout(javax.servlet.http.HttpSession)
2018-08-22 16:08:41.538  INFO 8172 --- [restartedMain] s.w.s.m.m.a.RequestMappingHandlerMapping : Mapped "{[/tomyinform]}" onto public java.lang.String com.tanyang.twitter.control.UserControl.toMyInform()
2018-08-22 16:08:41.539  INFO 8172 --- [restartedMain] s.w.s.m.m.a.RequestMappingHandlerMapping : Mapped "{[/getcurrentuser]}" onto public com.tanyang.twitter.pojo.User com.tanyang.twitter.control.UserControl.getCurrentUser(javax.servlet.http.HttpSession)
2018-08-22 16:08:41.539  INFO 8172 --- [restartedMain] s.w.s.m.m.a.RequestMappingHandlerMapping : Mapped "{[/updateuserinform]}" onto public boolean com.tanyang.twitter.control.UserControl.updateUserInform(java.lang.String,java.lang.String,java.lang.String,java.lang.String,java.lang.String,java.lang.String,java.sql.Date,javax.servlet.http.HttpSession)
2018-08-22 16:08:41.541  INFO 8172 --- [restartedMain] s.w.s.m.m.a.RequestMappingHandlerMapping : Mapped "{[/error]}" onto public org.springframework.http.ResponseEntity<java.util.Map<java.lang.String, java.lang.Object>> org.springframework.boot.autoconfigure.web.BasicErrorController.error(javax.servlet.http.HttpServletRequest)
2018-08-22 16:08:41.542  INFO 8172 --- [restartedMain] s.w.s.m.m.a.RequestMappingHandlerMapping : Mapped "{[/error],produces=[text/html]}" onto public org.springframework.web.servlet.ModelAndView org.springframework.boot.autoconfigure.web.BasicErrorController.errorHtml(javax.servlet.http.HttpServletRequest,javax.servlet.http.HttpServletResponse)
2018-08-22 16:08:41.563  INFO 8172 --- [restartedMain] o.s.w.s.handler.SimpleUrlHandlerMapping  : Mapped URL path [/webjars/**] onto handler of type [class org.springframework.web.servlet.resource.ResourceHttpRequestHandler]
2018-08-22 16:08:41.563  INFO 8172 --- [restartedMain] o.s.w.s.handler.SimpleUrlHandlerMapping  : Mapped URL path [/**] onto handler of type [class org.springframework.web.servlet.resource.ResourceHttpRequestHandler]
2018-08-22 16:08:41.587  INFO 8172 --- [restartedMain] o.s.w.s.handler.SimpleUrlHandlerMapping  : Mapped URL path [/**/favicon.ico] onto handler of type [class org.springframework.web.servlet.resource.ResourceHttpRequestHandler]
2018-08-22 16:08:41.915  INFO 8172 --- [restartedMain] o.s.b.d.a.OptionalLiveReloadServer       : LiveReload server is running on port 35729
2018-08-22 16:08:41.957  INFO 8172 --- [restartedMain] o.s.j.e.a.AnnotationMBeanExporter        : Registering beans for JMX exposure on startup
2018-08-22 16:08:41.999  INFO 8172 --- [restartedMain] s.b.c.e.t.TomcatEmbeddedServletContainer : Tomcat started on port(s): 8080 (http)
2018-08-22 16:08:42.002  INFO 8172 --- [restartedMain] com.tanyang.twitter.TwitterApplication   : Started TwitterApplication in 5.008 seconds (JVM running for 5.588)
2018-08-22 16:08:42.002  INFO 8172 --- [restartedMain] com.tanyang.twitter.TwitterApplication   : 项目启动完毕
2018-10-15 14:14:08.344  INFO 9568 --- [restartedMain] com.tanyang.twitter.TwitterApplication   : Starting TwitterApplication on TanYang-PC with PID 9568 (E:\project\Twitter\twitter\target\classes started by tanyang in E:\project\Twitter\twitter)
2018-10-15 14:14:08.357  INFO 9568 --- [restartedMain] com.tanyang.twitter.TwitterApplication   : No active profile set, falling back to default profiles: default
2018-10-15 14:14:08.582  INFO 9568 --- [restartedMain] ationConfigEmbeddedWebApplicationContext : Refreshing org.springframework.boot.context.embedded.AnnotationConfigEmbeddedWebApplicationContext@307a25cd: startup date [Mon Oct 15 14:14:08 CST 2018]; root of context hierarchy
2018-10-15 14:14:50.275  INFO 11260 --- [restartedMain] com.tanyang.twitter.TwitterApplication   : Starting TwitterApplication on TanYang-PC with PID 11260 (E:\project\Twitter\twitter\target\classes started by tanyang in E:\project\Twitter\twitter)
2018-10-15 14:14:50.278  INFO 11260 --- [restartedMain] com.tanyang.twitter.TwitterApplication   : No active profile set, falling back to default profiles: default
2018-10-15 14:14:50.547  INFO 11260 --- [restartedMain] ationConfigEmbeddedWebApplicationContext : Refreshing org.springframework.boot.context.embedded.AnnotationConfigEmbeddedWebApplicationContext@58cfbbae: startup date [Mon Oct 15 14:14:50 CST 2018]; root of context hierarchy
2018-10-15 14:14:51.593  WARN 11260 --- [restartedMain] ationConfigEmbeddedWebApplicationContext : Exception encountered during context initialization - cancelling refresh attempt: org.springframework.context.ApplicationContextException: Unable to start embedded container; nested exception is org.springframework.beans.factory.BeanCreationException: Error creating bean with name 'tomcatEmbeddedServletContainerFactory' defined in class path resource [org/springframework/boot/autoconfigure/web/EmbeddedServletContainerAutoConfiguration$EmbeddedTomcat.class]: BeanPostProcessor before instantiation of bean failed; nested exception is org.springframework.beans.factory.BeanCreationException: Error creating bean with name 'org.springframework.transaction.annotation.ProxyTransactionManagementConfiguration': Initialization of bean failed; nested exception is java.lang.IllegalArgumentException: warning no match for this type name: com.tanyang.twitter.control [Xlint:invalidAbsoluteTypeName]
2018-10-15 14:14:51.600  INFO 11260 --- [restartedMain] utoConfigurationReportLoggingInitializer : 

Error starting ApplicationContext. To display the auto-configuration report re-run your application with 'debug' enabled.
2018-10-15 14:14:51.614 ERROR 11260 --- [restartedMain] o.s.boot.SpringApplication               : Application startup failed

org.springframework.context.ApplicationContextException: Unable to start embedded container; nested exception is org.springframework.beans.factory.BeanCreationException: Error creating bean with name 'tomcatEmbeddedServletContainerFactory' defined in class path resource [org/springframework/boot/autoconfigure/web/EmbeddedServletContainerAutoConfiguration$EmbeddedTomcat.class]: BeanPostProcessor before instantiation of bean failed; nested exception is org.springframework.beans.factory.BeanCreationException: Error creating bean with name 'org.springframework.transaction.annotation.ProxyTransactionManagementConfiguration': Initialization of bean failed; nested exception is java.lang.IllegalArgumentException: warning no match for this type name: com.tanyang.twitter.control [Xlint:invalidAbsoluteTypeName]
	at org.springframework.boot.context.embedded.EmbeddedWebApplicationContext.onRefresh(EmbeddedWebApplicationContext.java:137) ~[spring-boot-1.5.8.RELEASE.jar:1.5.8.RELEASE]
	at org.springframework.context.support.AbstractApplicationContext.refresh(AbstractApplicationContext.java:537) ~[spring-context-4.3.12.RELEASE.jar:4.3.12.RELEASE]
	at org.springframework.boot.context.embedded.EmbeddedWebApplicationContext.refresh(EmbeddedWebApplicationContext.java:122) ~[spring-boot-1.5.8.RELEASE.jar:1.5.8.RELEASE]
	at org.springframework.boot.SpringApplication.refresh(SpringApplication.java:693) [spring-boot-1.5.8.RELEASE.jar:1.5.8.RELEASE]
	at org.springframework.boot.SpringApplication.refreshContext(SpringApplication.java:360) [spring-boot-1.5.8.RELEASE.jar:1.5.8.RELEASE]
	at org.springframework.boot.SpringApplication.run(SpringApplication.java:303) [spring-boot-1.5.8.RELEASE.jar:1.5.8.RELEASE]
	at org.springframework.boot.SpringApplication.run(SpringApplication.java:1118) [spring-boot-1.5.8.RELEASE.jar:1.5.8.RELEASE]
	at org.springframework.boot.SpringApplication.run(SpringApplication.java:1107) [spring-boot-1.5.8.RELEASE.jar:1.5.8.RELEASE]
	at com.tanyang.twitter.TwitterApplication.main(TwitterApplication.java:17) [classes/:na]
	at sun.reflect.NativeMethodAccessorImpl.invoke0(Native Method) ~[na:1.8.0_161]
	at sun.reflect.NativeMethodAccessorImpl.invoke(NativeMethodAccessorImpl.java:62) ~[na:1.8.0_161]
	at sun.reflect.DelegatingMethodAccessorImpl.invoke(DelegatingMethodAccessorImpl.java:43) ~[na:1.8.0_161]
	at java.lang.reflect.Method.invoke(Method.java:498) ~[na:1.8.0_161]
	at org.springframework.boot.devtools.restart.RestartLauncher.run(RestartLauncher.java:49) [spring-boot-devtools-1.5.8.RELEASE.jar:1.5.8.RELEASE]
Caused by: org.springframework.beans.factory.BeanCreationException: Error creating bean with name 'tomcatEmbeddedServletContainerFactory' defined in class path resource [org/springframework/boot/autoconfigure/web/EmbeddedServletContainerAutoConfiguration$EmbeddedTomcat.class]: BeanPostProcessor before instantiation of bean failed; nested exception is org.springframework.beans.factory.BeanCreationException: Error creating bean with name 'org.springframework.transaction.annotation.ProxyTransactionManagementConfiguration': Initialization of bean failed; nested exception is java.lang.IllegalArgumentException: warning no match for this type name: com.tanyang.twitter.control [Xlint:invalidAbsoluteTypeName]
	at org.springframework.beans.factory.support.AbstractAutowireCapableBeanFactory.createBean(AbstractAutowireCapableBeanFactory.java:479) ~[spring-beans-4.3.12.RELEASE.jar:4.3.12.RELEASE]
	at org.springframework.beans.factory.support.AbstractBeanFactory$1.getObject(AbstractBeanFactory.java:306) ~[spring-beans-4.3.12.RELEASE.jar:4.3.12.RELEASE]
	at org.springframework.beans.factory.support.DefaultSingletonBeanRegistry.getSingleton(DefaultSingletonBeanRegistry.java:230) ~[spring-beans-4.3.12.RELEASE.jar:4.3.12.RELEASE]
	at org.springframework.beans.factory.support.AbstractBeanFactory.doGetBean(AbstractBeanFactory.java:302) ~[spring-beans-4.3.12.RELEASE.jar:4.3.12.RELEASE]
	at org.springframework.beans.factory.support.AbstractBeanFactory.getBean(AbstractBeanFactory.java:202) ~[spring-beans-4.3.12.RELEASE.jar:4.3.12.RELEASE]
	at org.springframework.boot.context.embedded.EmbeddedWebApplicationContext.getEmbeddedServletContainerFactory(EmbeddedWebApplicationContext.java:199) ~[spring-boot-1.5.8.RELEASE.jar:1.5.8.RELEASE]
	at org.springframework.boot.context.embedded.EmbeddedWebApplicationContext.createEmbeddedServletContainer(EmbeddedWebApplicationContext.java:162) ~[spring-boot-1.5.8.RELEASE.jar:1.5.8.RELEASE]
	at org.springframework.boot.context.embedded.EmbeddedWebApplicationContext.onRefresh(EmbeddedWebApplicationContext.java:134) ~[spring-boot-1.5.8.RELEASE.jar:1.5.8.RELEASE]
	... 13 common frames omitted
Caused by: org.springframework.beans.factory.BeanCreationException: Error creating bean with name 'org.springframework.transaction.annotation.ProxyTransactionManagementConfiguration': Initialization of bean failed; nested exception is java.lang.IllegalArgumentException: warning no match for this type name: com.tanyang.twitter.control [Xlint:invalidAbsoluteTypeName]
	at org.springframework.beans.factory.support.AbstractAutowireCapableBeanFactory.doCreateBean(AbstractAutowireCapableBeanFactory.java:564) ~[spring-beans-4.3.12.RELEASE.jar:4.3.12.RELEASE]
	at org.springframework.beans.factory.support.AbstractAutowireCapableBeanFactory.createBean(AbstractAutowireCapableBeanFactory.java:483) ~[spring-beans-4.3.12.RELEASE.jar:4.3.12.RELEASE]
	at org.springframework.beans.factory.support.AbstractBeanFactory$1.getObject(AbstractBeanFactory.java:306) ~[spring-beans-4.3.12.RELEASE.jar:4.3.12.RELEASE]
	at org.springframework.beans.factory.support.DefaultSingletonBeanRegistry.getSingleton(DefaultSingletonBeanRegistry.java:230) ~[spring-beans-4.3.12.RELEASE.jar:4.3.12.RELEASE]
	at org.springframework.beans.factory.support.AbstractBeanFactory.doGetBean(AbstractBeanFactory.java:302) ~[spring-beans-4.3.12.RELEASE.jar:4.3.12.RELEASE]
	at org.springframework.beans.factory.support.AbstractBeanFactory.getBean(AbstractBeanFactory.java:197) ~[spring-beans-4.3.12.RELEASE.jar:4.3.12.RELEASE]
	at org.springframework.beans.factory.support.ConstructorResolver.instantiateUsingFactoryMethod(ConstructorResolver.java:372) ~[spring-beans-4.3.12.RELEASE.jar:4.3.12.RELEASE]
	at org.springframework.beans.factory.support.AbstractAutowireCapableBeanFactory.instantiateUsingFactoryMethod(AbstractAutowireCapableBeanFactory.java:1173) ~[spring-beans-4.3.12.RELEASE.jar:4.3.12.RELEASE]
	at org.springframework.beans.factory.support.AbstractAutowireCapableBeanFactory.createBeanInstance(AbstractAutowireCapableBeanFactory.java:1067) ~[spring-beans-4.3.12.RELEASE.jar:4.3.12.RELEASE]
	at org.springframework.beans.factory.support.AbstractAutowireCapableBeanFactory.doCreateBean(AbstractAutowireCapableBeanFactory.java:513) ~[spring-beans-4.3.12.RELEASE.jar:4.3.12.RELEASE]
	at org.springframework.beans.factory.support.AbstractAutowireCapableBeanFactory.createBean(AbstractAutowireCapableBeanFactory.java:483) ~[spring-beans-4.3.12.RELEASE.jar:4.3.12.RELEASE]
	at org.springframework.beans.factory.support.AbstractBeanFactory$1.getObject(AbstractBeanFactory.java:306) ~[spring-beans-4.3.12.RELEASE.jar:4.3.12.RELEASE]
	at org.springframework.beans.factory.support.DefaultSingletonBeanRegistry.getSingleton(DefaultSingletonBeanRegistry.java:230) ~[spring-beans-4.3.12.RELEASE.jar:4.3.12.RELEASE]
	at org.springframework.beans.factory.support.AbstractBeanFactory.doGetBean(AbstractBeanFactory.java:302) ~[spring-beans-4.3.12.RELEASE.jar:4.3.12.RELEASE]
	at org.springframework.beans.factory.support.AbstractBeanFactory.getBean(AbstractBeanFactory.java:202) ~[spring-beans-4.3.12.RELEASE.jar:4.3.12.RELEASE]
	at org.springframework.aop.framework.autoproxy.BeanFactoryAdvisorRetrievalHelper.findAdvisorBeans(BeanFactoryAdvisorRetrievalHelper.java:92) ~[spring-aop-4.3.12.RELEASE.jar:4.3.12.RELEASE]
	at org.springframework.aop.framework.autoproxy.AbstractAdvisorAutoProxyCreator.findCandidateAdvisors(AbstractAdvisorAutoProxyCreator.java:102) ~[spring-aop-4.3.12.RELEASE.jar:4.3.12.RELEASE]
	at org.springframework.aop.aspectj.annotation.AnnotationAwareAspectJAutoProxyCreator.findCandidateAdvisors(AnnotationAwareAspectJAutoProxyCreator.java:88) ~[spring-aop-4.3.12.RELEASE.jar:4.3.12.RELEASE]
	at org.springframework.aop.aspectj.autoproxy.AspectJAwareAdvisorAutoProxyCreator.shouldSkip(AspectJAwareAdvisorAutoProxyCreator.java:103) ~[spring-aop-4.3.12.RELEASE.jar:4.3.12.RELEASE]
	at org.springframework.aop.framework.autoproxy.AbstractAutoProxyCreator.postProcessBeforeInstantiation(AbstractAutoProxyCreator.java:248) ~[spring-aop-4.3.12.RELEASE.jar:4.3.12.RELEASE]
	at org.springframework.beans.factory.support.AbstractAutowireCapableBeanFactory.applyBeanPostProcessorsBeforeInstantiation(AbstractAutowireCapableBeanFactory.java:1037) ~[spring-beans-4.3.12.RELEASE.jar:4.3.12.RELEASE]
	at org.springframework.beans.factory.support.AbstractAutowireCapableBeanFactory.resolveBeforeInstantiation(AbstractAutowireCapableBeanFactory.java:1011) ~[spring-beans-4.3.12.RELEASE.jar:4.3.12.RELEASE]
	at org.springframework.beans.factory.support.AbstractAutowireCapableBeanFactory.createBean(AbstractAutowireCapableBeanFactory.java:473) ~[spring-beans-4.3.12.RELEASE.jar:4.3.12.RELEASE]
	... 20 common frames omitted
Caused by: java.lang.IllegalArgumentException: warning no match for this type name: com.tanyang.twitter.control [Xlint:invalidAbsoluteTypeName]
	at org.aspectj.weaver.tools.PointcutParser.parsePointcutExpression(PointcutParser.java:301) ~[aspectjweaver-1.8.11.jar:1.8.11]
	at org.springframework.aop.aspectj.AspectJExpressionPointcut.buildPointcutExpression(AspectJExpressionPointcut.java:217) ~[spring-aop-4.3.12.RELEASE.jar:4.3.12.RELEASE]
	at org.springframework.aop.aspectj.AspectJExpressionPointcut.checkReadyToMatch(AspectJExpressionPointcut.java:190) ~[spring-aop-4.3.12.RELEASE.jar:4.3.12.RELEASE]
	at org.springframework.aop.aspectj.AspectJExpressionPointcut.getClassFilter(AspectJExpressionPointcut.java:169) ~[spring-aop-4.3.12.RELEASE.jar:4.3.12.RELEASE]
	at org.springframework.aop.support.AopUtils.canApply(AopUtils.java:220) ~[spring-aop-4.3.12.RELEASE.jar:4.3.12.RELEASE]
	at org.springframework.aop.support.AopUtils.canApply(AopUtils.java:279) ~[spring-aop-4.3.12.RELEASE.jar:4.3.12.RELEASE]
	at org.springframework.aop.support.AopUtils.findAdvisorsThatCanApply(AopUtils.java:311) ~[spring-aop-4.3.12.RELEASE.jar:4.3.12.RELEASE]
	at org.springframework.aop.framework.autoproxy.AbstractAdvisorAutoProxyCreator.findAdvisorsThatCanApply(AbstractAdvisorAutoProxyCreator.java:119) ~[spring-aop-4.3.12.RELEASE.jar:4.3.12.RELEASE]
	at org.springframework.aop.framework.autoproxy.AbstractAdvisorAutoProxyCreator.findEligibleAdvisors(AbstractAdvisorAutoProxyCreator.java:89) ~[spring-aop-4.3.12.RELEASE.jar:4.3.12.RELEASE]
	at org.springframework.aop.framework.autoproxy.AbstractAdvisorAutoProxyCreator.getAdvicesAndAdvisorsForBean(AbstractAdvisorAutoProxyCreator.java:70) ~[spring-aop-4.3.12.RELEASE.jar:4.3.12.RELEASE]
	at org.springframework.aop.framework.autoproxy.AbstractAutoProxyCreator.wrapIfNecessary(AbstractAutoProxyCreator.java:346) ~[spring-aop-4.3.12.RELEASE.jar:4.3.12.RELEASE]
	at org.springframework.aop.framework.autoproxy.AbstractAutoProxyCreator.postProcessAfterInitialization(AbstractAutoProxyCreator.java:298) ~[spring-aop-4.3.12.RELEASE.jar:4.3.12.RELEASE]
	at org.springframework.beans.factory.support.AbstractAutowireCapableBeanFactory.applyBeanPostProcessorsAfterInitialization(AbstractAutowireCapableBeanFactory.java:423) ~[spring-beans-4.3.12.RELEASE.jar:4.3.12.RELEASE]
	at org.springframework.beans.factory.support.AbstractAutowireCapableBeanFactory.initializeBean(AbstractAutowireCapableBeanFactory.java:1633) ~[spring-beans-4.3.12.RELEASE.jar:4.3.12.RELEASE]
	at org.springframework.beans.factory.support.AbstractAutowireCapableBeanFactory.doCreateBean(AbstractAutowireCapableBeanFactory.java:555) ~[spring-beans-4.3.12.RELEASE.jar:4.3.12.RELEASE]
	... 42 common frames omitted

2018-10-15 14:15:09.126  INFO 7180 --- [restartedMain] com.tanyang.twitter.TwitterApplication   : Starting TwitterApplication on TanYang-PC with PID 7180 (E:\project\Twitter\twitter\target\classes started by tanyang in E:\project\Twitter\twitter)
2018-10-15 14:15:09.127  INFO 7180 --- [restartedMain] com.tanyang.twitter.TwitterApplication   : No active profile set, falling back to default profiles: default
2018-10-15 14:15:09.400  INFO 7180 --- [restartedMain] ationConfigEmbeddedWebApplicationContext : Refreshing org.springframework.boot.context.embedded.AnnotationConfigEmbeddedWebApplicationContext@4d5fd096: startup date [Mon Oct 15 14:15:09 CST 2018]; root of context hierarchy
2018-10-15 14:15:10.404  WARN 7180 --- [restartedMain] ationConfigEmbeddedWebApplicationContext : Exception encountered during context initialization - cancelling refresh attempt: org.springframework.context.ApplicationContextException: Unable to start embedded container; nested exception is org.springframework.beans.factory.BeanCreationException: Error creating bean with name 'tomcatEmbeddedServletContainerFactory' defined in class path resource [org/springframework/boot/autoconfigure/web/EmbeddedServletContainerAutoConfiguration$EmbeddedTomcat.class]: BeanPostProcessor before instantiation of bean failed; nested exception is org.springframework.beans.factory.BeanCreationException: Error creating bean with name 'org.springframework.transaction.annotation.ProxyTransactionManagementConfiguration': Initialization of bean failed; nested exception is java.lang.IllegalArgumentException: warning no match for this type name: com.tanyang.twitter.control [Xlint:invalidAbsoluteTypeName]
2018-10-15 14:15:10.417  INFO 7180 --- [restartedMain] utoConfigurationReportLoggingInitializer : 

Error starting ApplicationContext. To display the auto-configuration report re-run your application with 'debug' enabled.
2018-10-15 14:15:10.424 ERROR 7180 --- [restartedMain] o.s.boot.SpringApplication               : Application startup failed

org.springframework.context.ApplicationContextException: Unable to start embedded container; nested exception is org.springframework.beans.factory.BeanCreationException: Error creating bean with name 'tomcatEmbeddedServletContainerFactory' defined in class path resource [org/springframework/boot/autoconfigure/web/EmbeddedServletContainerAutoConfiguration$EmbeddedTomcat.class]: BeanPostProcessor before instantiation of bean failed; nested exception is org.springframework.beans.factory.BeanCreationException: Error creating bean with name 'org.springframework.transaction.annotation.ProxyTransactionManagementConfiguration': Initialization of bean failed; nested exception is java.lang.IllegalArgumentException: warning no match for this type name: com.tanyang.twitter.control [Xlint:invalidAbsoluteTypeName]
	at org.springframework.boot.context.embedded.EmbeddedWebApplicationContext.onRefresh(EmbeddedWebApplicationContext.java:137) ~[spring-boot-1.5.8.RELEASE.jar:1.5.8.RELEASE]
	at org.springframework.context.support.AbstractApplicationContext.refresh(AbstractApplicationContext.java:537) ~[spring-context-4.3.12.RELEASE.jar:4.3.12.RELEASE]
	at org.springframework.boot.context.embedded.EmbeddedWebApplicationContext.refresh(EmbeddedWebApplicationContext.java:122) ~[spring-boot-1.5.8.RELEASE.jar:1.5.8.RELEASE]
	at org.springframework.boot.SpringApplication.refresh(SpringApplication.java:693) [spring-boot-1.5.8.RELEASE.jar:1.5.8.RELEASE]
	at org.springframework.boot.SpringApplication.refreshContext(SpringApplication.java:360) [spring-boot-1.5.8.RELEASE.jar:1.5.8.RELEASE]
	at org.springframework.boot.SpringApplication.run(SpringApplication.java:303) [spring-boot-1.5.8.RELEASE.jar:1.5.8.RELEASE]
	at org.springframework.boot.SpringApplication.run(SpringApplication.java:1118) [spring-boot-1.5.8.RELEASE.jar:1.5.8.RELEASE]
	at org.springframework.boot.SpringApplication.run(SpringApplication.java:1107) [spring-boot-1.5.8.RELEASE.jar:1.5.8.RELEASE]
	at com.tanyang.twitter.TwitterApplication.main(TwitterApplication.java:17) [classes/:na]
	at sun.reflect.NativeMethodAccessorImpl.invoke0(Native Method) ~[na:1.8.0_161]
	at sun.reflect.NativeMethodAccessorImpl.invoke(NativeMethodAccessorImpl.java:62) ~[na:1.8.0_161]
	at sun.reflect.DelegatingMethodAccessorImpl.invoke(DelegatingMethodAccessorImpl.java:43) ~[na:1.8.0_161]
	at java.lang.reflect.Method.invoke(Method.java:498) ~[na:1.8.0_161]
	at org.springframework.boot.devtools.restart.RestartLauncher.run(RestartLauncher.java:49) [spring-boot-devtools-1.5.8.RELEASE.jar:1.5.8.RELEASE]
Caused by: org.springframework.beans.factory.BeanCreationException: Error creating bean with name 'tomcatEmbeddedServletContainerFactory' defined in class path resource [org/springframework/boot/autoconfigure/web/EmbeddedServletContainerAutoConfiguration$EmbeddedTomcat.class]: BeanPostProcessor before instantiation of bean failed; nested exception is org.springframework.beans.factory.BeanCreationException: Error creating bean with name 'org.springframework.transaction.annotation.ProxyTransactionManagementConfiguration': Initialization of bean failed; nested exception is java.lang.IllegalArgumentException: warning no match for this type name: com.tanyang.twitter.control [Xlint:invalidAbsoluteTypeName]
	at org.springframework.beans.factory.support.AbstractAutowireCapableBeanFactory.createBean(AbstractAutowireCapableBeanFactory.java:479) ~[spring-beans-4.3.12.RELEASE.jar:4.3.12.RELEASE]
	at org.springframework.beans.factory.support.AbstractBeanFactory$1.getObject(AbstractBeanFactory.java:306) ~[spring-beans-4.3.12.RELEASE.jar:4.3.12.RELEASE]
	at org.springframework.beans.factory.support.DefaultSingletonBeanRegistry.getSingleton(DefaultSingletonBeanRegistry.java:230) ~[spring-beans-4.3.12.RELEASE.jar:4.3.12.RELEASE]
	at org.springframework.beans.factory.support.AbstractBeanFactory.doGetBean(AbstractBeanFactory.java:302) ~[spring-beans-4.3.12.RELEASE.jar:4.3.12.RELEASE]
	at org.springframework.beans.factory.support.AbstractBeanFactory.getBean(AbstractBeanFactory.java:202) ~[spring-beans-4.3.12.RELEASE.jar:4.3.12.RELEASE]
	at org.springframework.boot.context.embedded.EmbeddedWebApplicationContext.getEmbeddedServletContainerFactory(EmbeddedWebApplicationContext.java:199) ~[spring-boot-1.5.8.RELEASE.jar:1.5.8.RELEASE]
	at org.springframework.boot.context.embedded.EmbeddedWebApplicationContext.createEmbeddedServletContainer(EmbeddedWebApplicationContext.java:162) ~[spring-boot-1.5.8.RELEASE.jar:1.5.8.RELEASE]
	at org.springframework.boot.context.embedded.EmbeddedWebApplicationContext.onRefresh(EmbeddedWebApplicationContext.java:134) ~[spring-boot-1.5.8.RELEASE.jar:1.5.8.RELEASE]
	... 13 common frames omitted
Caused by: org.springframework.beans.factory.BeanCreationException: Error creating bean with name 'org.springframework.transaction.annotation.ProxyTransactionManagementConfiguration': Initialization of bean failed; nested exception is java.lang.IllegalArgumentException: warning no match for this type name: com.tanyang.twitter.control [Xlint:invalidAbsoluteTypeName]
	at org.springframework.beans.factory.support.AbstractAutowireCapableBeanFactory.doCreateBean(AbstractAutowireCapableBeanFactory.java:564) ~[spring-beans-4.3.12.RELEASE.jar:4.3.12.RELEASE]
	at org.springframework.beans.factory.support.AbstractAutowireCapableBeanFactory.createBean(AbstractAutowireCapableBeanFactory.java:483) ~[spring-beans-4.3.12.RELEASE.jar:4.3.12.RELEASE]
	at org.springframework.beans.factory.support.AbstractBeanFactory$1.getObject(AbstractBeanFactory.java:306) ~[spring-beans-4.3.12.RELEASE.jar:4.3.12.RELEASE]
	at org.springframework.beans.factory.support.DefaultSingletonBeanRegistry.getSingleton(DefaultSingletonBeanRegistry.java:230) ~[spring-beans-4.3.12.RELEASE.jar:4.3.12.RELEASE]
	at org.springframework.beans.factory.support.AbstractBeanFactory.doGetBean(AbstractBeanFactory.java:302) ~[spring-beans-4.3.12.RELEASE.jar:4.3.12.RELEASE]
	at org.springframework.beans.factory.support.AbstractBeanFactory.getBean(AbstractBeanFactory.java:197) ~[spring-beans-4.3.12.RELEASE.jar:4.3.12.RELEASE]
	at org.springframework.beans.factory.support.ConstructorResolver.instantiateUsingFactoryMethod(ConstructorResolver.java:372) ~[spring-beans-4.3.12.RELEASE.jar:4.3.12.RELEASE]
	at org.springframework.beans.factory.support.AbstractAutowireCapableBeanFactory.instantiateUsingFactoryMethod(AbstractAutowireCapableBeanFactory.java:1173) ~[spring-beans-4.3.12.RELEASE.jar:4.3.12.RELEASE]
	at org.springframework.beans.factory.support.AbstractAutowireCapableBeanFactory.createBeanInstance(AbstractAutowireCapableBeanFactory.java:1067) ~[spring-beans-4.3.12.RELEASE.jar:4.3.12.RELEASE]
	at org.springframework.beans.factory.support.AbstractAutowireCapableBeanFactory.doCreateBean(AbstractAutowireCapableBeanFactory.java:513) ~[spring-beans-4.3.12.RELEASE.jar:4.3.12.RELEASE]
	at org.springframework.beans.factory.support.AbstractAutowireCapableBeanFactory.createBean(AbstractAutowireCapableBeanFactory.java:483) ~[spring-beans-4.3.12.RELEASE.jar:4.3.12.RELEASE]
	at org.springframework.beans.factory.support.AbstractBeanFactory$1.getObject(AbstractBeanFactory.java:306) ~[spring-beans-4.3.12.RELEASE.jar:4.3.12.RELEASE]
	at org.springframework.beans.factory.support.DefaultSingletonBeanRegistry.getSingleton(DefaultSingletonBeanRegistry.java:230) ~[spring-beans-4.3.12.RELEASE.jar:4.3.12.RELEASE]
	at org.springframework.beans.factory.support.AbstractBeanFactory.doGetBean(AbstractBeanFactory.java:302) ~[spring-beans-4.3.12.RELEASE.jar:4.3.12.RELEASE]
	at org.springframework.beans.factory.support.AbstractBeanFactory.getBean(AbstractBeanFactory.java:202) ~[spring-beans-4.3.12.RELEASE.jar:4.3.12.RELEASE]
	at org.springframework.aop.framework.autoproxy.BeanFactoryAdvisorRetrievalHelper.findAdvisorBeans(BeanFactoryAdvisorRetrievalHelper.java:92) ~[spring-aop-4.3.12.RELEASE.jar:4.3.12.RELEASE]
	at org.springframework.aop.framework.autoproxy.AbstractAdvisorAutoProxyCreator.findCandidateAdvisors(AbstractAdvisorAutoProxyCreator.java:102) ~[spring-aop-4.3.12.RELEASE.jar:4.3.12.RELEASE]
	at org.springframework.aop.aspectj.annotation.AnnotationAwareAspectJAutoProxyCreator.findCandidateAdvisors(AnnotationAwareAspectJAutoProxyCreator.java:88) ~[spring-aop-4.3.12.RELEASE.jar:4.3.12.RELEASE]
	at org.springframework.aop.aspectj.autoproxy.AspectJAwareAdvisorAutoProxyCreator.shouldSkip(AspectJAwareAdvisorAutoProxyCreator.java:103) ~[spring-aop-4.3.12.RELEASE.jar:4.3.12.RELEASE]
	at org.springframework.aop.framework.autoproxy.AbstractAutoProxyCreator.postProcessBeforeInstantiation(AbstractAutoProxyCreator.java:248) ~[spring-aop-4.3.12.RELEASE.jar:4.3.12.RELEASE]
	at org.springframework.beans.factory.support.AbstractAutowireCapableBeanFactory.applyBeanPostProcessorsBeforeInstantiation(AbstractAutowireCapableBeanFactory.java:1037) ~[spring-beans-4.3.12.RELEASE.jar:4.3.12.RELEASE]
	at org.springframework.beans.factory.support.AbstractAutowireCapableBeanFactory.resolveBeforeInstantiation(AbstractAutowireCapableBeanFactory.java:1011) ~[spring-beans-4.3.12.RELEASE.jar:4.3.12.RELEASE]
	at org.springframework.beans.factory.support.AbstractAutowireCapableBeanFactory.createBean(AbstractAutowireCapableBeanFactory.java:473) ~[spring-beans-4.3.12.RELEASE.jar:4.3.12.RELEASE]
	... 20 common frames omitted
Caused by: java.lang.IllegalArgumentException: warning no match for this type name: com.tanyang.twitter.control [Xlint:invalidAbsoluteTypeName]
	at org.aspectj.weaver.tools.PointcutParser.parsePointcutExpression(PointcutParser.java:301) ~[aspectjweaver-1.8.11.jar:1.8.11]
	at org.springframework.aop.aspectj.AspectJExpressionPointcut.buildPointcutExpression(AspectJExpressionPointcut.java:217) ~[spring-aop-4.3.12.RELEASE.jar:4.3.12.RELEASE]
	at org.springframework.aop.aspectj.AspectJExpressionPointcut.checkReadyToMatch(AspectJExpressionPointcut.java:190) ~[spring-aop-4.3.12.RELEASE.jar:4.3.12.RELEASE]
	at org.springframework.aop.aspectj.AspectJExpressionPointcut.getClassFilter(AspectJExpressionPointcut.java:169) ~[spring-aop-4.3.12.RELEASE.jar:4.3.12.RELEASE]
	at org.springframework.aop.support.AopUtils.canApply(AopUtils.java:220) ~[spring-aop-4.3.12.RELEASE.jar:4.3.12.RELEASE]
	at org.springframework.aop.support.AopUtils.canApply(AopUtils.java:279) ~[spring-aop-4.3.12.RELEASE.jar:4.3.12.RELEASE]
	at org.springframework.aop.support.AopUtils.findAdvisorsThatCanApply(AopUtils.java:311) ~[spring-aop-4.3.12.RELEASE.jar:4.3.12.RELEASE]
	at org.springframework.aop.framework.autoproxy.AbstractAdvisorAutoProxyCreator.findAdvisorsThatCanApply(AbstractAdvisorAutoProxyCreator.java:119) ~[spring-aop-4.3.12.RELEASE.jar:4.3.12.RELEASE]
	at org.springframework.aop.framework.autoproxy.AbstractAdvisorAutoProxyCreator.findEligibleAdvisors(AbstractAdvisorAutoProxyCreator.java:89) ~[spring-aop-4.3.12.RELEASE.jar:4.3.12.RELEASE]
	at org.springframework.aop.framework.autoproxy.AbstractAdvisorAutoProxyCreator.getAdvicesAndAdvisorsForBean(AbstractAdvisorAutoProxyCreator.java:70) ~[spring-aop-4.3.12.RELEASE.jar:4.3.12.RELEASE]
	at org.springframework.aop.framework.autoproxy.AbstractAutoProxyCreator.wrapIfNecessary(AbstractAutoProxyCreator.java:346) ~[spring-aop-4.3.12.RELEASE.jar:4.3.12.RELEASE]
	at org.springframework.aop.framework.autoproxy.AbstractAutoProxyCreator.postProcessAfterInitialization(AbstractAutoProxyCreator.java:298) ~[spring-aop-4.3.12.RELEASE.jar:4.3.12.RELEASE]
	at org.springframework.beans.factory.support.AbstractAutowireCapableBeanFactory.applyBeanPostProcessorsAfterInitialization(AbstractAutowireCapableBeanFactory.java:423) ~[spring-beans-4.3.12.RELEASE.jar:4.3.12.RELEASE]
	at org.springframework.beans.factory.support.AbstractAutowireCapableBeanFactory.initializeBean(AbstractAutowireCapableBeanFactory.java:1633) ~[spring-beans-4.3.12.RELEASE.jar:4.3.12.RELEASE]
	at org.springframework.beans.factory.support.AbstractAutowireCapableBeanFactory.doCreateBean(AbstractAutowireCapableBeanFactory.java:555) ~[spring-beans-4.3.12.RELEASE.jar:4.3.12.RELEASE]
	... 42 common frames omitted

2018-10-15 14:17:44.565  INFO 10584 --- [restartedMain] com.tanyang.twitter.TwitterApplication   : Starting TwitterApplication on TanYang-PC with PID 10584 (E:\project\Twitter\twitter\target\classes started by tanyang in E:\project\Twitter\twitter)
2018-10-15 14:17:44.566  INFO 10584 --- [restartedMain] com.tanyang.twitter.TwitterApplication   : No active profile set, falling back to default profiles: default
2018-10-15 14:17:44.739  INFO 10584 --- [restartedMain] ationConfigEmbeddedWebApplicationContext : Refreshing org.springframework.boot.context.embedded.AnnotationConfigEmbeddedWebApplicationContext@5cf01edd: startup date [Mon Oct 15 14:17:44 CST 2018]; root of context hierarchy
2018-10-15 14:17:46.314  INFO 10584 --- [restartedMain] s.b.c.e.t.TomcatEmbeddedServletContainer : Tomcat initialized with port(s): 8080 (http)
2018-10-15 14:17:46.325  INFO 10584 --- [restartedMain] o.apache.catalina.core.StandardService   : Starting service [Tomcat]
2018-10-15 14:17:46.326  INFO 10584 --- [restartedMain] org.apache.catalina.core.StandardEngine  : Starting Servlet Engine: Apache Tomcat/8.5.23
2018-10-15 14:17:46.428  INFO 10584 --- [localhost-startStop-1] o.a.c.c.C.[Tomcat].[localhost].[/]       : Initializing Spring embedded WebApplicationContext
2018-10-15 14:17:46.428  INFO 10584 --- [localhost-startStop-1] o.s.web.context.ContextLoader            : Root WebApplicationContext: initialization completed in 1691 ms
2018-10-15 14:17:46.542  INFO 10584 --- [localhost-startStop-1] o.s.b.w.servlet.ServletRegistrationBean  : Mapping servlet: 'dispatcherServlet' to [/]
2018-10-15 14:17:46.545  INFO 10584 --- [localhost-startStop-1] o.s.b.w.servlet.FilterRegistrationBean   : Mapping filter: 'characterEncodingFilter' to: [/*]
2018-10-15 14:17:46.545  INFO 10584 --- [localhost-startStop-1] o.s.b.w.servlet.FilterRegistrationBean   : Mapping filter: 'hiddenHttpMethodFilter' to: [/*]
2018-10-15 14:17:46.545  INFO 10584 --- [localhost-startStop-1] o.s.b.w.servlet.FilterRegistrationBean   : Mapping filter: 'httpPutFormContentFilter' to: [/*]
2018-10-15 14:17:46.545  INFO 10584 --- [localhost-startStop-1] o.s.b.w.servlet.FilterRegistrationBean   : Mapping filter: 'requestContextFilter' to: [/*]
2018-10-15 14:17:47.178  INFO 10584 --- [restartedMain] j.LocalContainerEntityManagerFactoryBean : Building JPA container EntityManagerFactory for persistence unit 'default'
2018-10-15 14:17:47.187  INFO 10584 --- [restartedMain] o.hibernate.jpa.internal.util.LogHelper  : HHH000204: Processing PersistenceUnitInfo [
	name: default
	...]
2018-10-15 14:17:47.249  INFO 10584 --- [restartedMain] org.hibernate.Version                    : HHH000412: Hibernate Core {5.0.12.Final}
2018-10-15 14:17:47.250  INFO 10584 --- [restartedMain] org.hibernate.cfg.Environment            : HHH000206: hibernate.properties not found
2018-10-15 14:17:47.251  INFO 10584 --- [restartedMain] org.hibernate.cfg.Environment            : HHH000021: Bytecode provider name : javassist
2018-10-15 14:17:47.482  INFO 10584 --- [restartedMain] o.hibernate.annotations.common.Version   : HCANN000001: Hibernate Commons Annotations {5.0.1.Final}
2018-10-15 14:17:47.622  INFO 10584 --- [restartedMain] org.hibernate.dialect.Dialect            : HHH000400: Using dialect: org.hibernate.dialect.MySQL5Dialect
2018-10-15 14:17:47.954  INFO 10584 --- [restartedMain] org.hibernate.tool.hbm2ddl.SchemaUpdate  : HHH000228: Running hbm2ddl schema update
2018-10-15 14:17:50.639  INFO 10584 --- [restartedMain] j.LocalContainerEntityManagerFactoryBean : Initialized JPA EntityManagerFactory for persistence unit 'default'
2018-10-15 14:17:51.704  INFO 10584 --- [restartedMain] s.w.s.m.m.a.RequestMappingHandlerAdapter : Looking for @ControllerAdvice: org.springframework.boot.context.embedded.AnnotationConfigEmbeddedWebApplicationContext@5cf01edd: startup date [Mon Oct 15 14:17:44 CST 2018]; root of context hierarchy
2018-10-15 14:17:51.762  INFO 10584 --- [restartedMain] s.w.s.m.m.a.RequestMappingHandlerMapping : Mapped "{[/addattented]}" onto public boolean com.tanyang.twitter.control.AttentionControl.addAttented(java.lang.String,javax.servlet.http.HttpSession)
2018-10-15 14:17:51.763  INFO 10584 --- [restartedMain] s.w.s.m.m.a.RequestMappingHandlerMapping : Mapped "{[/deleteattented]}" onto public boolean com.tanyang.twitter.control.AttentionControl.deleteByAttented(java.lang.String)
2018-10-15 14:17:51.763  INFO 10584 --- [restartedMain] s.w.s.m.m.a.RequestMappingHandlerMapping : Mapped "{[/toattented]}" onto public java.lang.String com.tanyang.twitter.control.AttentionControl.getAttentByUserId(org.springframework.ui.Model,javax.servlet.http.HttpSession)
2018-10-15 14:17:51.763  INFO 10584 --- [restartedMain] s.w.s.m.m.a.RequestMappingHandlerMapping : Mapped "{[/getAttented]}" onto public java.lang.String com.tanyang.twitter.control.AttentionControl.getAttentPageByUserId(int,javax.servlet.http.HttpSession)
2018-10-15 14:17:51.763  INFO 10584 --- [restartedMain] s.w.s.m.m.a.RequestMappingHandlerMapping : Mapped "{[/addComment]}" onto public boolean com.tanyang.twitter.control.CommentControl.addComment(java.lang.String,java.lang.String,java.lang.String,javax.servlet.http.HttpSession)
2018-10-15 14:17:51.764  INFO 10584 --- [restartedMain] s.w.s.m.m.a.RequestMappingHandlerMapping : Mapped "{[/getComment]}" onto public java.util.List<com.tanyang.twitter.pojo.Comment> com.tanyang.twitter.control.CommentControl.getCommentByTwitterId(java.lang.String,org.springframework.ui.Model)
2018-10-15 14:17:51.764  INFO 10584 --- [restartedMain] s.w.s.m.m.a.RequestMappingHandlerMapping : Mapped "{[/tomymessage]}" onto public java.lang.String com.tanyang.twitter.control.MessageControl.toMyMessage(org.springframework.ui.Model,javax.servlet.http.HttpSession)
2018-10-15 14:17:51.764  INFO 10584 --- [restartedMain] s.w.s.m.m.a.RequestMappingHandlerMapping : Mapped "{[/getunread]}" onto public int com.tanyang.twitter.control.MessageControl.getUnread(javax.servlet.http.HttpSession)
2018-10-15 14:17:51.764  INFO 10584 --- [restartedMain] s.w.s.m.m.a.RequestMappingHandlerMapping : Mapped "{[/getMyMessage]}" onto public java.lang.String com.tanyang.twitter.control.MessageControl.getMyMessage(int,javax.servlet.http.HttpSession)
2018-10-15 14:17:51.765  INFO 10584 --- [restartedMain] s.w.s.m.m.a.RequestMappingHandlerMapping : Mapped "{[/deletePraise]}" onto public boolean com.tanyang.twitter.control.PraiseControl.deletePraise(java.lang.String,javax.servlet.http.HttpSession)
2018-10-15 14:17:51.765  INFO 10584 --- [restartedMain] s.w.s.m.m.a.RequestMappingHandlerMapping : Mapped "{[/addPraise]}" onto public boolean com.tanyang.twitter.control.PraiseControl.addPraise(java.lang.String,javax.servlet.http.HttpSession)
2018-10-15 14:17:51.765  INFO 10584 --- [restartedMain] s.w.s.m.m.a.RequestMappingHandlerMapping : Mapped "{[/isPraise]}" onto public boolean com.tanyang.twitter.control.PraiseControl.isPraise(java.lang.String,javax.servlet.http.HttpSession)
2018-10-15 14:17:51.767  INFO 10584 --- [restartedMain] s.w.s.m.m.a.RequestMappingHandlerMapping : Mapped "{[/getMainTwitter]}" onto public java.lang.String com.tanyang.twitter.control.TwitterControl.getTwitterInMain(java.lang.Integer,javax.servlet.http.HttpSession)
2018-10-15 14:17:51.767  INFO 10584 --- [restartedMain] s.w.s.m.m.a.RequestMappingHandlerMapping : Mapped "{[/tomytwitter]}" onto public java.lang.String com.tanyang.twitter.control.TwitterControl.toMyTwitter(org.springframework.ui.Model,javax.servlet.http.HttpSession)
2018-10-15 14:17:51.767  INFO 10584 --- [restartedMain] s.w.s.m.m.a.RequestMappingHandlerMapping : Mapped "{[/tomain]}" onto public java.lang.String com.tanyang.twitter.control.TwitterControl.getAttentionTwitter(org.springframework.ui.Model,javax.servlet.http.HttpSession)
2018-10-15 14:17:51.767  INFO 10584 --- [restartedMain] s.w.s.m.m.a.RequestMappingHandlerMapping : Mapped "{[/getMyTwitter]}" onto public java.lang.String com.tanyang.twitter.control.TwitterControl.getTwitterInMyTwitter(int,javax.servlet.http.HttpSession)
2018-10-15 14:17:51.767  INFO 10584 --- [restartedMain] s.w.s.m.m.a.RequestMappingHandlerMapping : Mapped "{[/todeliverytwitter]}" onto public java.lang.String com.tanyang.twitter.control.TwitterControl.todeliverytwitter()
2018-10-15 14:17:51.767  INFO 10584 --- [restartedMain] s.w.s.m.m.a.RequestMappingHandlerMapping : Mapped "{[/convertBase64]}" onto public java.lang.String com.tanyang.twitter.control.TwitterControl.convertBase64Encoder(org.springframework.web.multipart.MultipartFile)
2018-10-15 14:17:51.767  INFO 10584 --- [restartedMain] s.w.s.m.m.a.RequestMappingHandlerMapping : Mapped "{[/getPariseTwitterById]}" onto public java.lang.String com.tanyang.twitter.control.TwitterControl.getPariseTwitterById(java.lang.String,javax.servlet.http.HttpSession)
2018-10-15 14:17:51.768  INFO 10584 --- [restartedMain] s.w.s.m.m.a.RequestMappingHandlerMapping : Mapped "{[/deliverytwitter]}" onto public boolean com.tanyang.twitter.control.TwitterControl.deliverytwitter(java.lang.String,java.lang.String,java.util.List<java.lang.String>,javax.servlet.http.HttpSession)
2018-10-15 14:17:51.768  INFO 10584 --- [restartedMain] s.w.s.m.m.a.RequestMappingHandlerMapping : Mapped "{[/getOthersTwitter]}" onto public java.lang.String com.tanyang.twitter.control.TwitterControl.getOthersTwitter(java.lang.String,int,javax.servlet.http.HttpSession)
2018-10-15 14:17:51.769  INFO 10584 --- [restartedMain] s.w.s.m.m.a.RequestMappingHandlerMapping : Mapped "{[/register]}" onto public boolean com.tanyang.twitter.control.UserControl.register(java.lang.String,java.lang.String,java.lang.String,java.lang.String,java.lang.String,java.lang.String,java.sql.Date)
2018-10-15 14:17:51.769  INFO 10584 --- [restartedMain] s.w.s.m.m.a.RequestMappingHandlerMapping : Mapped "{[/setImage]}" onto public boolean com.tanyang.twitter.control.UserControl.setImage(org.springframework.web.multipart.MultipartFile,javax.servlet.http.HttpSession)
2018-10-15 14:17:51.769  INFO 10584 --- [restartedMain] s.w.s.m.m.a.RequestMappingHandlerMapping : Mapped "{[/login]}" onto public boolean com.tanyang.twitter.control.UserControl.login(java.lang.String,java.lang.String,javax.servlet.http.HttpSession)
2018-10-15 14:17:51.769  INFO 10584 --- [restartedMain] s.w.s.m.m.a.RequestMappingHandlerMapping : Mapped "{[/vertify]}" onto public java.lang.String com.tanyang.twitter.control.UserControl.vertify(java.lang.String)
2018-10-15 14:17:51.769  INFO 10584 --- [restartedMain] s.w.s.m.m.a.RequestMappingHandlerMapping : Mapped "{[/tosearched]}" onto public java.lang.String com.tanyang.twitter.control.UserControl.searchuser(java.lang.String,org.springframework.ui.Model,javax.servlet.http.HttpSession)
2018-10-15 14:17:51.769  INFO 10584 --- [restartedMain] s.w.s.m.m.a.RequestMappingHandlerMapping : Mapped "{[/toregister]}" onto public java.lang.String com.tanyang.twitter.control.UserControl.toregister()
2018-10-15 14:17:51.769  INFO 10584 --- [restartedMain] s.w.s.m.m.a.RequestMappingHandlerMapping : Mapped "{[/getSearched]}" onto public java.lang.String com.tanyang.twitter.control.UserControl.searchuserPage(java.lang.String,int,org.springframework.ui.Model,javax.servlet.http.HttpSession)
2018-10-15 14:17:51.770  INFO 10584 --- [restartedMain] s.w.s.m.m.a.RequestMappingHandlerMapping : Mapped "{[/tologin]}" onto public java.lang.String com.tanyang.twitter.control.UserControl.tologin()
2018-10-15 14:17:51.770  INFO 10584 --- [restartedMain] s.w.s.m.m.a.RequestMappingHandlerMapping : Mapped "{[/tootherspage]}" onto public java.lang.String com.tanyang.twitter.control.UserControl.otherspage(java.lang.String,org.springframework.ui.Model,javax.servlet.http.HttpSession)
2018-10-15 14:17:51.770  INFO 10584 --- [restartedMain] s.w.s.m.m.a.RequestMappingHandlerMapping : Mapped "{[/logout]}" onto public java.lang.String com.tanyang.twitter.control.UserControl.logout(javax.servlet.http.HttpSession)
2018-10-15 14:17:51.770  INFO 10584 --- [restartedMain] s.w.s.m.m.a.RequestMappingHandlerMapping : Mapped "{[/tomyinform]}" onto public java.lang.String com.tanyang.twitter.control.UserControl.toMyInform()
2018-10-15 14:17:51.770  INFO 10584 --- [restartedMain] s.w.s.m.m.a.RequestMappingHandlerMapping : Mapped "{[/getcurrentuser]}" onto public com.tanyang.twitter.pojo.User com.tanyang.twitter.control.UserControl.getCurrentUser(javax.servlet.http.HttpSession)
2018-10-15 14:17:51.770  INFO 10584 --- [restartedMain] s.w.s.m.m.a.RequestMappingHandlerMapping : Mapped "{[/updateuserinform]}" onto public boolean com.tanyang.twitter.control.UserControl.updateUserInform(java.lang.String,java.lang.String,java.lang.String,java.lang.String,java.lang.String,java.lang.String,java.sql.Date,javax.servlet.http.HttpSession)
2018-10-15 14:17:51.773  INFO 10584 --- [restartedMain] s.w.s.m.m.a.RequestMappingHandlerMapping : Mapped "{[/error]}" onto public org.springframework.http.ResponseEntity<java.util.Map<java.lang.String, java.lang.Object>> org.springframework.boot.autoconfigure.web.BasicErrorController.error(javax.servlet.http.HttpServletRequest)
2018-10-15 14:17:51.774  INFO 10584 --- [restartedMain] s.w.s.m.m.a.RequestMappingHandlerMapping : Mapped "{[/error],produces=[text/html]}" onto public org.springframework.web.servlet.ModelAndView org.springframework.boot.autoconfigure.web.BasicErrorController.errorHtml(javax.servlet.http.HttpServletRequest,javax.servlet.http.HttpServletResponse)
2018-10-15 14:17:51.812  INFO 10584 --- [restartedMain] o.s.w.s.handler.SimpleUrlHandlerMapping  : Mapped URL path [/webjars/**] onto handler of type [class org.springframework.web.servlet.resource.ResourceHttpRequestHandler]
2018-10-15 14:17:51.812  INFO 10584 --- [restartedMain] o.s.w.s.handler.SimpleUrlHandlerMapping  : Mapped URL path [/**] onto handler of type [class org.springframework.web.servlet.resource.ResourceHttpRequestHandler]
2018-10-15 14:17:51.843  INFO 10584 --- [restartedMain] o.s.w.s.handler.SimpleUrlHandlerMapping  : Mapped URL path [/**/favicon.ico] onto handler of type [class org.springframework.web.servlet.resource.ResourceHttpRequestHandler]
2018-10-15 14:17:52.311  INFO 10584 --- [restartedMain] o.s.b.d.a.OptionalLiveReloadServer       : LiveReload server is running on port 35729
2018-10-15 14:17:52.353  INFO 10584 --- [restartedMain] o.s.j.e.a.AnnotationMBeanExporter        : Registering beans for JMX exposure on startup
2018-10-15 14:17:52.513  INFO 10584 --- [restartedMain] s.b.c.e.t.TomcatEmbeddedServletContainer : Tomcat started on port(s): 8080 (http)
2018-10-15 14:17:52.520  INFO 10584 --- [restartedMain] com.tanyang.twitter.TwitterApplication   : Started TwitterApplication in 8.345 seconds (JVM running for 8.935)
2018-10-15 14:17:52.520  INFO 10584 --- [restartedMain] com.tanyang.twitter.TwitterApplication   : 项目启动完毕
2018-10-15 14:18:09.144  INFO 10584 --- [http-nio-8080-exec-1] o.a.c.c.C.[Tomcat].[localhost].[/]       : Initializing Spring FrameworkServlet 'dispatcherServlet'
2018-10-15 14:18:09.144  INFO 10584 --- [http-nio-8080-exec-1] o.s.web.servlet.DispatcherServlet        : FrameworkServlet 'dispatcherServlet': initialization started
2018-10-15 14:18:09.184  INFO 10584 --- [http-nio-8080-exec-1] o.s.web.servlet.DispatcherServlet        : FrameworkServlet 'dispatcherServlet': initialization completed in 40 ms
2018-10-15 14:18:09.226  INFO 10584 --- [http-nio-8080-exec-1] c.t.twitter.interceptor.MyInterceptor    : ----preHandle----
2018-10-15 14:18:09.229  INFO 10584 --- [http-nio-8080-exec-1] c.t.twitter.interceptor.MyInterceptor    : ----:跳转到login页面！
2018-10-15 14:18:09.247  INFO 10584 --- [http-nio-8080-exec-2] com.tanyang.twitter.aspect.MyAspect      : url=/tologin
2018-10-15 14:18:09.247  INFO 10584 --- [http-nio-8080-exec-2] com.tanyang.twitter.aspect.MyAspect      : method=GET
2018-10-15 14:18:09.247  INFO 10584 --- [http-nio-8080-exec-2] com.tanyang.twitter.aspect.MyAspect      : ip=0:0:0:0:0:0:0:1
2018-10-15 14:18:09.249  INFO 10584 --- [http-nio-8080-exec-2] com.tanyang.twitter.aspect.MyAspect      : class=com.tanyang.twitter.control.UserControl and method name = tologin
2018-10-15 14:18:09.249  INFO 10584 --- [http-nio-8080-exec-2] com.tanyang.twitter.aspect.MyAspect      : 参数={}
2018-10-15 14:18:09.252  INFO 10584 --- [http-nio-8080-exec-2] com.tanyang.twitter.aspect.MyAspect      : url = http://localhost:8080/tologin end of execution
2018-10-15 14:18:09.252  INFO 10584 --- [http-nio-8080-exec-2] com.tanyang.twitter.aspect.MyAspect      : response=login
